app/build/intermediates/manifest_merge_blame_file/debug/manifest-merger-blame-debug-report.txt
1<?xml version="1.0" encoding="utf-8"?>
2<manifest xmlns:android="http://schemas.android.com/apk/res/android"
3    package="com.etl.googlemapss"
4    android:versionCode="1"
5    android:versionName="1.0" >
6
7    <uses-sdk
8        android:minSdkVersion="18"
8-->src\main\AndroidManifest.xml
9        android:targetSdkVersion="29" />
9-->src\main\AndroidManifest.xml
10
11    <uses-permission android:name="android.permission.ACCESS_FINE_LOCATION" />
11-->src\main\AndroidManifest.xml:5:5-79
11-->src\main\AndroidManifest.xml:5:22-76
12    <uses-permission android:name="android.permission.INTERNET" />
12-->src\main\AndroidManifest.xml:6:5-66
12-->src\main\AndroidManifest.xml:6:22-64
13    <uses-permission android:name="android.permission.ACCESS_COARSE_LOCATION" />
13-->src\main\AndroidManifest.xml:7:5-80
13-->src\main\AndroidManifest.xml:7:22-78
14    <uses-permission android:name="android.permission.ACCESS_WIFI_STATE" /> <!-- Include required permissions for Google Maps API to run. -->
14-->[com.google.android.libraries.places:places:2.1.0] AndroidManifest.xml:10:5-76
14-->[com.google.android.libraries.places:places:2.1.0] AndroidManifest.xml:10:22-73
15    <uses-permission android:name="android.permission.ACCESS_NETWORK_STATE" />
15-->[com.google.android.gms:play-services-maps:17.0.0] AndroidManifest.xml:23:5-79
15-->[com.google.android.gms:play-services-maps:17.0.0] AndroidManifest.xml:23:22-76
16
17    <uses-feature
17-->[com.google.android.gms:play-services-maps:17.0.0] AndroidManifest.xml:26:5-28:35
18        android:glEsVersion="0x00020000"
18-->[com.google.android.gms:play-services-maps:17.0.0] AndroidManifest.xml:27:9-41
19        android:required="true" />
19-->[com.google.android.gms:play-services-maps:17.0.0] AndroidManifest.xml:28:9-32
20
21    <application
21-->src\main\AndroidManifest.xml:9:5-34:19
22        android:allowBackup="true"
22-->src\main\AndroidManifest.xml:10:9-35
23        android:appComponentFactory="androidx.core.app.CoreComponentFactory"
23-->[androidx.core:core:1.1.0] AndroidManifest.xml:24:18-86
24        android:debuggable="true"
25        android:icon="@mipmap/ic_launcher"
25-->src\main\AndroidManifest.xml:11:9-43
26        android:label="@string/app_name"
26-->src\main\AndroidManifest.xml:12:9-41
27        android:roundIcon="@mipmap/ic_launcher_round"
27-->src\main\AndroidManifest.xml:13:9-54
28        android:supportsRtl="true"
28-->src\main\AndroidManifest.xml:14:9-35
29        android:testOnly="true"
30        android:theme="@style/AppTheme" >
30-->src\main\AndroidManifest.xml:15:9-40
31        <activity android:name="com.etl.googlemapss.PermissionsActivity" />
31-->src\main\AndroidManifest.xml:16:9-66
31-->src\main\AndroidManifest.xml:16:19-54
32
33        <meta-data
33-->src\main\AndroidManifest.xml:18:9-20:55
34            android:name="com.google.android.geo.API_KEY"
34-->src\main\AndroidManifest.xml:19:13-58
35            android:value="@string/google_maps_api" />
35-->src\main\AndroidManifest.xml:20:13-52
36
37        <activity android:name="com.etl.googlemapss.StartActivity" >
37-->src\main\AndroidManifest.xml:22:9-28:20
37-->src\main\AndroidManifest.xml:22:19-48
38            <intent-filter>
38-->src\main\AndroidManifest.xml:23:13-27:29
39                <action android:name="android.intent.action.MAIN" />
39-->src\main\AndroidManifest.xml:24:17-69
39-->src\main\AndroidManifest.xml:24:25-66
40
41                <category android:name="android.intent.category.LAUNCHER" />
41-->src\main\AndroidManifest.xml:26:17-77
41-->src\main\AndroidManifest.xml:26:27-74
42            </intent-filter>
43        </activity>
44        <activity
44-->src\main\AndroidManifest.xml:29:9-32:68
45            android:name="com.etl.googlemapss.MapActivity"
45-->src\main\AndroidManifest.xml:30:13-40
46            android:label="@string/title_activity_map"
46-->src\main\AndroidManifest.xml:31:13-55
47            android:theme="@style/AppTheme.NoActionBar" />
47-->src\main\AndroidManifest.xml:32:13-56
48        <activity android:name="com.etl.googlemapss.MainActivity" />
48-->src\main\AndroidManifest.xml:33:9-50
48-->src\main\AndroidManifest.xml:33:19-47
49        <activity
49-->[com.karumi:dexter:6.0.0] AndroidManifest.xml:27:9-29:72
50            android:name="com.karumi.dexter.DexterActivity"
50-->[com.karumi:dexter:6.0.0] AndroidManifest.xml:28:13-60
51            android:theme="@style/Dexter.Internal.Theme.Transparent" />
51-->[com.karumi:dexter:6.0.0] AndroidManifest.xml:29:13-69
52        <activity
52-->[com.google.android.libraries.places:places:2.1.0] AndroidManifest.xml:14:9-20:20
53            android:name="com.google.android.libraries.places.widget.AutocompleteActivity"
53-->[com.google.android.libraries.places:places:2.1.0] AndroidManifest.xml:15:13-91
54            android:exported="false"
54-->[com.google.android.libraries.places:places:2.1.0] AndroidManifest.xml:16:13-37
55            android:label="@string/places_autocomplete_label"
55-->[com.google.android.libraries.places:places:2.1.0] AndroidManifest.xml:17:13-62
56            android:theme="@style/PlacesAutocompleteOverlay"
56-->[com.google.android.libraries.places:places:2.1.0] AndroidManifest.xml:18:13-61
57            android:windowSoftInputMode="adjustResize" >
57-->[com.google.android.libraries.places:places:2.1.0] AndroidManifest.xml:19:13-55
58        </activity> <!-- Needs to be explicitly declared on P+ -->
59        <uses-library
59-->[com.google.android.gms:play-services-maps:17.0.0] AndroidManifest.xml:33:9-35:40
60            android:name="org.apache.http.legacy"
60-->[com.google.android.gms:play-services-maps:17.0.0] AndroidManifest.xml:34:13-50
61            android:required="false" />
61-->[com.google.android.gms:play-services-maps:17.0.0] AndroidManifest.xml:35:13-37
62
63        <provider
63-->[com.squareup.picasso:picasso:2.71828] AndroidManifest.xml:8:9-11:40
64            android:name="com.squareup.picasso.PicassoProvider"
64-->[com.squareup.picasso:picasso:2.71828] AndroidManifest.xml:9:13-64
65            android:authorities="com.etl.googlemapss.com.squareup.picasso"
65-->[com.squareup.picasso:picasso:2.71828] AndroidManifest.xml:10:13-72
66            android:exported="false" />
66-->[com.squareup.picasso:picasso:2.71828] AndroidManifest.xml:11:13-37
67
68        <activity
68-->[com.google.android.gms:play-services-base:17.0.0] AndroidManifest.xml:23:9-26:75
69            android:name="com.google.android.gms.common.api.GoogleApiActivity"
69-->[com.google.android.gms:play-services-base:17.0.0] AndroidManifest.xml:24:13-79
70            android:exported="false"
70-->[com.google.android.gms:play-services-base:17.0.0] AndroidManifest.xml:25:13-37
71            android:theme="@android:style/Theme.Translucent.NoTitleBar" />
71-->[com.google.android.gms:play-services-base:17.0.0] AndroidManifest.xml:26:13-72
72
73        <meta-data
73-->[com.google.android.gms:play-services-basement:17.0.0] AndroidManifest.xml:23:9-25:69
74            android:name="com.google.android.gms.version"
74-->[com.google.android.gms:play-services-basement:17.0.0] AndroidManifest.xml:24:13-58
75            android:value="@integer/google_play_services_version" />
75-->[com.google.android.gms:play-services-basement:17.0.0] AndroidManifest.xml:25:13-66
76
77        <provider
77-->[androidx.lifecycle:lifecycle-process:2.1.0] AndroidManifest.xml:23:9-27:43
78            android:name="androidx.lifecycle.ProcessLifecycleOwnerInitializer"
78-->[androidx.lifecycle:lifecycle-process:2.1.0] AndroidManifest.xml:24:13-79
79            android:authorities="com.etl.googlemapss.lifecycle-process"
79-->[androidx.lifecycle:lifecycle-process:2.1.0] AndroidManifest.xml:25:13-69
80            android:exported="false"
80-->[androidx.lifecycle:lifecycle-process:2.1.0] AndroidManifest.xml:26:13-37
81            android:multiprocess="true" />
81-->[androidx.lifecycle:lifecycle-process:2.1.0] AndroidManifest.xml:27:13-40
82    </application>
83
84</manifest>